[ 2017-12-20 16:28:07 ] [ DELETE ]  F:/Z_other/PythonProject/py2/delFile/testFile\XX项目.0001.rvt
[ 2017-12-20 16:28:07 ] [ DELETE ]  F:/Z_other/PythonProject/py2/delFile/testFile\XX项目.0002.rvt
[ 2017-12-20 16:28:07 ] [ DELETE ]  F:/Z_other/PythonProject/py2/delFile/testFile\XX项目.0003.rvt
[ 2017-12-20 16:28:07 ] [ DELETE ]  F:/Z_other/PythonProject/py2/delFile/testFile\XX项目.0004.rvt
[ 2017-12-20 16:28:07 ] [ DELETE ]  F:/Z_other/PythonProject/py2/delFile/testFile\XX项目.rvt
[ 2017-12-20 16:28:07 ] [ DELETE ]  F:/Z_other/PythonProject/py2/delFile/testFile\zxc.txt.txt
[ 2017-12-20 16:28:07 ] [ DELETE ]  F:/Z_other/PythonProject/py2/delFile/testFile\file\zxc.txt.txt
[ 2017-12-20 16:28:07 ] [ DELETE ]  F:/Z_other/PythonProject/py2/delFile/testFile\file\file1\zxc.txt.txt
[ 2017-12-20 16:28:07 ] [ DELETE ]  F:/Z_other/PythonProject/py2/delFile/testFile\file1\zxc.txt.txt
[ 2017-12-20 16:28:07 ] [ DELETE ]  F:/Z_other/PythonProject/py2/delFile/testFile\file1\file12\zxc.txt.txt
[ 2017-12-20 16:35:14 ] [ DELETE ] F:/Z_other/PythonProject/py2/delFile/testFile\XX项目.0001.rvt
[ 2017-12-20 16:35:14 ] [ DELETE ] F:/Z_other/PythonProject/py2/delFile/testFile\XX项目.0002.rvt
[ 2017-12-20 16:35:14 ] [ DELETE ] F:/Z_other/PythonProject/py2/delFile/testFile\XX项目.0003.rvt
[ 2017-12-20 16:35:14 ] [ DELETE ] F:/Z_other/PythonProject/py2/delFile/testFile\XX项目.0004.rvt
[ 2017-12-20 16:35:14 ] [ DELETE ] F:/Z_other/PythonProject/py2/delFile/testFile\XX项目.rvt
[ 2017-12-20 16:35:14 ] [ DELETE ] F:/Z_other/PythonProject/py2/delFile/testFile\zxc.txt.txt
[ 2017-12-20 16:35:14 ] [ DELETE ] F:/Z_other/PythonProject/py2/delFile/testFile\file\zxc.txt.txt
[ 2017-12-20 16:35:14 ] [ DELETE ] F:/Z_other/PythonProject/py2/delFile/testFile\file\file1\zxc.txt.txt
[ 2017-12-20 16:35:14 ] [ DELETE ] F:/Z_other/PythonProject/py2/delFile/testFile\file1\zxc.txt.txt
[ 2017-12-20 16:35:14 ] [ DELETE ] F:/Z_other/PythonProject/py2/delFile/testFile\file1\file12\zxc.txt.txt
[ 2017-12-20 16:36:23 ] [ DELETE ]  F:/Z_other/PythonProject/py2/delFile/testFile\XX项目.0001.rvt
[ 2017-12-20 16:36:23 ] [ DELETE ]  F:/Z_other/PythonProject/py2/delFile/testFile\XX项目.0002.rvt
[ 2017-12-20 16:36:23 ] [ DELETE ]  F:/Z_other/PythonProject/py2/delFile/testFile\XX项目.0003.rvt
[ 2017-12-20 16:36:23 ] [ DELETE ]  F:/Z_other/PythonProject/py2/delFile/testFile\XX项目.0004.rvt
[ 2017-12-20 16:36:23 ] [ DELETE ]  F:/Z_other/PythonProject/py2/delFile/testFile\XX项目.rvt
[ 2017-12-20 16:36:23 ] [ DELETE ]  F:/Z_other/PythonProject/py2/delFile/testFile\zxc.txt.txt
[ 2017-12-20 16:36:23 ] [ DELETE ]  F:/Z_other/PythonProject/py2/delFile/testFile\file\zxc.txt.txt
[ 2017-12-20 16:36:23 ] [ DELETE ]  F:/Z_other/PythonProject/py2/delFile/testFile\file\file1\zxc.txt.txt
[ 2017-12-20 16:36:23 ] [ DELETE ]  F:/Z_other/PythonProject/py2/delFile/testFile\file1\zxc.txt.txt
[ 2017-12-20 16:36:23 ] [ DELETE ]  F:/Z_other/PythonProject/py2/delFile/testFile\file1\file12\zxc.txt.txt
[ 2017-12-20 16:37:32 ] [ DELETE ]  F:/Z_other/PythonProject/py2/delFile/testFile\XX项目.0001.rvt

[ 2017-12-20 16:37:32 ] [ DELETE ]  F:/Z_other/PythonProject/py2/delFile/testFile\XX项目.0002.rvt

[ 2017-12-20 16:37:32 ] [ DELETE ]  F:/Z_other/PythonProject/py2/delFile/testFile\XX项目.0003.rvt

[ 2017-12-20 16:37:32 ] [ DELETE ]  F:/Z_other/PythonProject/py2/delFile/testFile\XX项目.0004.rvt

[ 2017-12-20 16:37:32 ] [ DELETE ]  F:/Z_other/PythonProject/py2/delFile/testFile\XX项目.rvt

[ 2017-12-20 16:37:32 ] [ DELETE ]  F:/Z_other/PythonProject/py2/delFile/testFile\zxc.txt.txt

[ 2017-12-20 16:37:32 ] [ DELETE ]  F:/Z_other/PythonProject/py2/delFile/testFile\file\zxc.txt.txt

[ 2017-12-20 16:37:32 ] [ DELETE ]  F:/Z_other/PythonProject/py2/delFile/testFile\file\file1\zxc.txt.txt

[ 2017-12-20 16:37:32 ] [ DELETE ]  F:/Z_other/PythonProject/py2/delFile/testFile\file1\zxc.txt.txt

[ 2017-12-20 16:37:32 ] [ DELETE ]  F:/Z_other/PythonProject/py2/delFile/testFile\file1\file12\zxc.txt.txt

[ 2017-12-20 16:37:48 ] [ DELETE ]  F:/Z_other/PythonProject/py2/delFile/testFile\XX项目.0001.rvt

[ 2017-12-20 16:37:48 ] [ DELETE ]  F:/Z_other/PythonProject/py2/delFile/testFile\XX项目.0002.rvt

[ 2017-12-20 16:37:48 ] [ DELETE ]  F:/Z_other/PythonProject/py2/delFile/testFile\XX项目.0003.rvt

[ 2017-12-20 16:37:48 ] [ DELETE ]  F:/Z_other/PythonProject/py2/delFile/testFile\XX项目.0004.rvt

[ 2017-12-20 16:37:48 ] [ DELETE ]  F:/Z_other/PythonProject/py2/delFile/testFile\XX项目.rvt

[ 2017-12-20 16:37:48 ] [ DELETE ]  F:/Z_other/PythonProject/py2/delFile/testFile\zxc.txt.txt

[ 2017-12-20 16:37:48 ] [ DELETE ]  F:/Z_other/PythonProject/py2/delFile/testFile\file\zxc.txt.txt

[ 2017-12-20 16:37:48 ] [ DELETE ]  F:/Z_other/PythonProject/py2/delFile/testFile\file\file1\zxc.txt.txt

[ 2017-12-20 16:37:48 ] [ DELETE ]  F:/Z_other/PythonProject/py2/delFile/testFile\file1\zxc.txt.txt

[ 2017-12-20 16:37:48 ] [ DELETE ]  F:/Z_other/PythonProject/py2/delFile/testFile\file1\file12\zxc.txt.txt

[ 2017-12-20 16:38:25 ] [ DELETE ]  F:/Z_other/PythonProject/py2/delFile/testFile\XX项目.0001.rvt
[ 2017-12-20 16:38:25 ] [ DELETE ]  F:/Z_other/PythonProject/py2/delFile/testFile\XX项目.0002.rvt
[ 2017-12-20 16:38:25 ] [ DELETE ]  F:/Z_other/PythonProject/py2/delFile/testFile\XX项目.0003.rvt
[ 2017-12-20 16:38:25 ] [ DELETE ]  F:/Z_other/PythonProject/py2/delFile/testFile\XX项目.0004.rvt
[ 2017-12-20 16:38:25 ] [ DELETE ]  F:/Z_other/PythonProject/py2/delFile/testFile\XX项目.rvt
[ 2017-12-20 16:38:25 ] [ DELETE ]  F:/Z_other/PythonProject/py2/delFile/testFile\zxc.txt.txt
[ 2017-12-20 16:38:25 ] [ DELETE ]  F:/Z_other/PythonProject/py2/delFile/testFile\file\zxc.txt.txt
[ 2017-12-20 16:38:25 ] [ DELETE ]  F:/Z_other/PythonProject/py2/delFile/testFile\file\file1\zxc.txt.txt
[ 2017-12-20 16:38:25 ] [ DELETE ]  F:/Z_other/PythonProject/py2/delFile/testFile\file1\zxc.txt.txt
[ 2017-12-20 16:38:25 ] [ DELETE ]  F:/Z_other/PythonProject/py2/delFile/testFile\file1\file12\zxc.txt.txt

[ 2017-12-20 16:38:46 ] [ DELETE ]  F:/Z_other/PythonProject/py2/delFile/testFile\XX项目.0001.rvt
[ 2017-12-20 16:38:46 ] [ DELETE ]  F:/Z_other/PythonProject/py2/delFile/testFile\XX项目.0002.rvt
[ 2017-12-20 16:38:46 ] [ DELETE ]  F:/Z_other/PythonProject/py2/delFile/testFile\XX项目.0003.rvt
[ 2017-12-20 16:38:46 ] [ DELETE ]  F:/Z_other/PythonProject/py2/delFile/testFile\XX项目.0004.rvt
[ 2017-12-20 16:38:46 ] [ DELETE ]  F:/Z_other/PythonProject/py2/delFile/testFile\XX项目.rvt
[ 2017-12-20 16:38:46 ] [ DELETE ]  F:/Z_other/PythonProject/py2/delFile/testFile\zxc.txt.txt
[ 2017-12-20 16:38:46 ] [ DELETE ]  F:/Z_other/PythonProject/py2/delFile/testFile\file\zxc.txt.txt
[ 2017-12-20 16:38:46 ] [ DELETE ]  F:/Z_other/PythonProject/py2/delFile/testFile\file\file1\zxc.txt.txt
[ 2017-12-20 16:38:46 ] [ DELETE ]  F:/Z_other/PythonProject/py2/delFile/testFile\file1\zxc.txt.txt
[ 2017-12-20 16:38:46 ] [ DELETE ]  F:/Z_other/PythonProject/py2/delFile/testFile\file1\file12\zxc.txt.txt




